<?xml version="1.0" encoding="utf-8"?><testsuites name="pytest tests"><testsuite name="pytest" errors="0" failures="0" skipped="0" tests="32" time="3.514" timestamp="2026-05-11T03:50:10.906421+00:00" hostname="agent-env-9068b445-82c7-4950-829b-5e516ae30c6e"><testcase classname="backend.tests.test_results_attendance.TestAuthGate" name="test_results_admin_requires_auth" time="0.308" /><testcase classname="backend.tests.test_results_attendance.TestAuthGate" name="test_attendance_admin_requires_auth" time="0.061" /><testcase classname="backend.tests.test_results_attendance.TestAuthGate" name="test_results_post_requires_auth" time="0.052" /><testcase classname="backend.tests.test_results_attendance" name="test_grade_boundaries[100-95-95.0-A+]" time="0.518" /><testcase classname="backend.tests.test_results_attendance" name="test_grade_boundaries[100-90-90.0-A+]" time="0.312" /><testcase classname="backend.tests.test_results_attendance" name="test_grade_boundaries[100-85-85.0-A]" time="0.095" /><testcase classname="backend.tests.test_results_attendance" name="test_grade_boundaries[100-80-80.0-A]" time="0.096" /><testcase classname="backend.tests.test_results_attendance" name="test_grade_boundaries[100-75-75.0-B+]" time="0.311" /><testcase classname="backend.tests.test_results_attendance" name="test_grade_boundaries[100-70-70.0-B+]" time="0.095" /><testcase classname="backend.tests.test_results_attendance" name="test_grade_boundaries[100-65-65.0-B]" time="0.144" /><testcase classname="backend.tests.test_results_attendance" name="test_grade_boundaries[100-60-60.0-B]" time="0.099" /><testcase classname="backend.tests.test_results_attendance" name="test_grade_boundaries[100-55-55.0-C]" time="0.096" /><testcase classname="backend.tests.test_results_attendance" name="test_grade_boundaries[100-50-50.0-C]" time="0.097" /><testcase classname="backend.tests.test_results_attendance" name="test_grade_boundaries[100-40-40.0-D]" time="0.094" /><testcase classname="backend.tests.test_results_attendance" name="test_grade_boundaries[100-33-33.0-D]" time="0.095" /><testcase classname="backend.tests.test_results_attendance" name="test_grade_boundaries[100-30-30.0-F]" time="0.093" /><testcase classname="backend.tests.test_results_attendance" name="test_grade_boundaries[100-0-0.0-F]" time="0.093" /><testcase classname="backend.tests.test_results_attendance.TestResultsLookup" name="test_create_result" time="0.046" /><testcase classname="backend.tests.test_results_attendance.TestResultsLookup" name="test_list_includes_result" time="0.046" /><testcase classname="backend.tests.test_results_attendance.TestResultsLookup" name="test_lookup_case_insensitive" time="0.066" /><testcase classname="backend.tests.test_results_attendance.TestResultsLookup" name="test_lookup_no_auth_needed" time="0.064" /><testcase classname="backend.tests.test_results_attendance.TestResultsLookup" name="test_lookup_unknown_returns_empty" time="0.055" /><testcase classname="backend.tests.test_results_attendance.TestResultsLookup" name="test_delete_result" time="0.045" /><testcase classname="backend.tests.test_results_attendance.TestResultsLookup" name="test_delete_verifies_removal" time="0.055" /><testcase classname="backend.tests.test_results_attendance.TestAttendanceLookup" name="test_create_attendance" time="0.049" /><testcase classname="backend.tests.test_results_attendance.TestAttendanceLookup" name="test_reject_present_greater_than_total" time="0.047" /><testcase classname="backend.tests.test_results_attendance.TestAttendanceLookup" name="test_reject_zero_total_days" time="0.047" /><testcase classname="backend.tests.test_results_attendance.TestAttendanceLookup" name="test_lookup_case_insensitive" time="0.056" /><testcase classname="backend.tests.test_results_attendance.TestAttendanceLookup" name="test_admin_list_includes" time="0.046" /><testcase classname="backend.tests.test_results_attendance.TestAttendanceLookup" name="test_delete_attendance" time="0.047" /><testcase classname="backend.tests.test_results_attendance.TestAttendanceLookup" name="test_delete_404" time="0.047" /><testcase classname="backend.tests.test_results_attendance" name="test_admin_stats_includes_new_keys" time="0.048" /></testsuite></testsuites>