<?xml version="1.0" encoding="utf-8"?><testsuites name="pytest tests"><testsuite name="pytest" errors="0" failures="0" skipped="0" tests="14" time="3.663" timestamp="2026-05-08T14:20:09.757237+00:00" hostname="agent-env-9068b445-82c7-4950-829b-5e516ae30c6e"><testcase classname="backend.tests.backend_test.TestPublic" name="test_root" time="0.261" /><testcase classname="backend.tests.backend_test.TestPublic" name="test_announcements_seeded" time="0.059" /><testcase classname="backend.tests.backend_test.TestPublic" name="test_gallery_list" time="0.059" /><testcase classname="backend.tests.backend_test.TestAuth" name="test_login_invalid" time="0.377" /><testcase classname="backend.tests.backend_test.TestAuth" name="test_login_success_and_cookie" time="0.290" /><testcase classname="backend.tests.backend_test.TestAuth" name="test_me_authenticated" time="0.063" /><testcase classname="backend.tests.backend_test.TestAuth" name="test_me_unauthenticated" time="0.131" /><testcase classname="backend.tests.backend_test.TestAuth" name="test_admin_routes_require_auth" time="0.513" /><testcase classname="backend.tests.backend_test.TestAdmissions" name="test_create_and_list" time="0.319" /><testcase classname="backend.tests.backend_test.TestContacts" name="test_create_and_list" time="0.204" /><testcase classname="backend.tests.backend_test.TestAnnouncements" name="test_create_and_delete" time="0.248" /><testcase classname="backend.tests.backend_test.TestGallery" name="test_upload_get_delete" time="0.536" /><testcase classname="backend.tests.backend_test.TestStats" name="test_admin_stats" time="0.064" /><testcase classname="backend.tests.backend_test.TestLogout" name="test_logout_clears_cookie" time="0.454" /></testsuite></testsuites>